<?xml version="1.0" encoding="UTF-8"?>
<testsuite name="com.sp.fc.web.test.PaperTest" tests="1" skipped="0" failures="0" errors="0" timestamp="2021-08-17T08:19:47" hostname="DESKTOP-4QTSG7R" time="1.489">
  <properties/>
  <testcase name="6. 사용자 user1이 임시로 교장선생님 권한을 얻어서 시험지를 가져온다." classname="com.sp.fc.web.test.PaperTest" time="1.489"/>
  <system-out><![CDATA[17:19:37.914 [Test worker] DEBUG org.springframework.test.context.BootstrapUtils - Instantiating CacheAwareContextLoaderDelegate from class [org.springframework.test.context.cache.DefaultCacheAwareContextLoaderDelegate]
17:19:37.944 [Test worker] DEBUG org.springframework.test.context.BootstrapUtils - Instantiating BootstrapContext using constructor [public org.springframework.test.context.support.DefaultBootstrapContext(java.lang.Class,org.springframework.test.context.CacheAwareContextLoaderDelegate)]
17:19:38.034 [Test worker] DEBUG org.springframework.test.context.BootstrapUtils - Instantiating TestContextBootstrapper for test class [com.sp.fc.web.test.PaperTest] from class [org.springframework.boot.test.context.SpringBootTestContextBootstrapper]
17:19:38.080 [Test worker] INFO org.springframework.boot.test.context.SpringBootTestContextBootstrapper - Neither @ContextConfiguration nor @ContextHierarchy found for test class [com.sp.fc.web.test.PaperTest], using SpringBootContextLoader
17:19:38.097 [Test worker] DEBUG org.springframework.test.context.support.AbstractContextLoader - Did not detect default resource location for test class [com.sp.fc.web.test.PaperTest]: class path resource [com/sp/fc/web/test/PaperTest-context.xml] does not exist
17:19:38.100 [Test worker] DEBUG org.springframework.test.context.support.AbstractContextLoader - Did not detect default resource location for test class [com.sp.fc.web.test.PaperTest]: class path resource [com/sp/fc/web/test/PaperTestContext.groovy] does not exist
17:19:38.101 [Test worker] INFO org.springframework.test.context.support.AbstractContextLoader - Could not detect default resource locations for test class [com.sp.fc.web.test.PaperTest]: no resource found for suffixes {-context.xml, Context.groovy}.
17:19:38.105 [Test worker] INFO org.springframework.test.context.support.AnnotationConfigContextLoaderUtils - Could not detect default configuration classes for test class [com.sp.fc.web.test.PaperTest]: PaperTest does not declare any static, non-private, non-final, nested classes annotated with @Configuration.
17:19:38.333 [Test worker] DEBUG org.springframework.test.context.support.ActiveProfilesUtils - Could not find an 'annotation declaring class' for annotation type [org.springframework.test.context.ActiveProfiles] and class [com.sp.fc.web.test.PaperTest]
17:19:38.575 [Test worker] DEBUG org.springframework.context.annotation.ClassPathScanningCandidateComponentProvider - Identified candidate component class: file [C:\myProject\SpringStudy\springboot-fc-security\sp-fastcampus-spring-sec-9-6-runasmanager\server\authority-test\build\classes\java\main\com\sp\fc\web\AuthorityTestApplication.class]
17:19:38.575 [Test worker] INFO org.springframework.boot.test.context.SpringBootTestContextBootstrapper - Found @SpringBootConfiguration com.sp.fc.web.AuthorityTestApplication for test class com.sp.fc.web.test.PaperTest
17:19:38.889 [Test worker] DEBUG org.springframework.boot.test.context.SpringBootTestContextBootstrapper - @TestExecutionListeners is not present for class [com.sp.fc.web.test.PaperTest]: using defaults.
17:19:38.894 [Test worker] INFO org.springframework.boot.test.context.SpringBootTestContextBootstrapper - Loaded default TestExecutionListener class names from location [META-INF/spring.factories]: [org.springframework.boot.test.autoconfigure.restdocs.RestDocsTestExecutionListener, org.springframework.boot.test.autoconfigure.web.client.MockRestServiceServerResetTestExecutionListener, org.springframework.boot.test.autoconfigure.web.servlet.MockMvcPrintOnlyOnFailureTestExecutionListener, org.springframework.boot.test.autoconfigure.web.servlet.WebDriverTestExecutionListener, org.springframework.boot.test.autoconfigure.webservices.client.MockWebServiceServerTestExecutionListener, org.springframework.boot.test.mock.mockito.MockitoTestExecutionListener, org.springframework.boot.test.mock.mockito.ResetMocksTestExecutionListener, org.springframework.test.context.web.ServletTestExecutionListener, org.springframework.test.context.support.DirtiesContextBeforeModesTestExecutionListener, org.springframework.test.context.support.DependencyInjectionTestExecutionListener, org.springframework.test.context.support.DirtiesContextTestExecutionListener, org.springframework.test.context.transaction.TransactionalTestExecutionListener, org.springframework.test.context.jdbc.SqlScriptsTestExecutionListener, org.springframework.test.context.event.EventPublishingTestExecutionListener]
17:19:38.935 [Test worker] DEBUG org.springframework.boot.test.context.SpringBootTestContextBootstrapper - Skipping candidate TestExecutionListener [org.springframework.test.context.transaction.TransactionalTestExecutionListener] due to a missing dependency. Specify custom listener classes or make the default listener classes and their required dependencies available. Offending class: [org/springframework/transaction/interceptor/TransactionAttributeSource]
17:19:38.935 [Test worker] DEBUG org.springframework.boot.test.context.SpringBootTestContextBootstrapper - Skipping candidate TestExecutionListener [org.springframework.test.context.jdbc.SqlScriptsTestExecutionListener] due to a missing dependency. Specify custom listener classes or make the default listener classes and their required dependencies available. Offending class: [org/springframework/transaction/interceptor/TransactionAttribute]
17:19:38.935 [Test worker] INFO org.springframework.boot.test.context.SpringBootTestContextBootstrapper - Using TestExecutionListeners: [org.springframework.test.context.web.ServletTestExecutionListener@5843fa42, org.springframework.test.context.support.DirtiesContextBeforeModesTestExecutionListener@76040534, org.springframework.boot.test.mock.mockito.MockitoTestExecutionListener@31d12cf0, org.springframework.boot.test.autoconfigure.SpringBootDependencyInjectionTestExecutionListener@1079973, org.springframework.test.context.support.DirtiesContextTestExecutionListener@46d1f2fb, org.springframework.test.context.event.EventPublishingTestExecutionListener@10aa62b0, org.springframework.boot.test.autoconfigure.restdocs.RestDocsTestExecutionListener@28a46af9, org.springframework.boot.test.autoconfigure.web.client.MockRestServiceServerResetTestExecutionListener@15d5a29f, org.springframework.boot.test.autoconfigure.web.servlet.MockMvcPrintOnlyOnFailureTestExecutionListener@5cdadcf4, org.springframework.boot.test.autoconfigure.web.servlet.WebDriverTestExecutionListener@1fa69a3d, org.springframework.boot.test.autoconfigure.webservices.client.MockWebServiceServerTestExecutionListener@145ec892, org.springframework.boot.test.mock.mockito.ResetMocksTestExecutionListener@2ca751dc]
17:19:38.949 [Test worker] DEBUG org.springframework.test.context.support.AbstractDirtiesContextTestExecutionListener - Before test class: context [DefaultTestContext@d0d6b80 testClass = PaperTest, testInstance = [null], testMethod = [null], testException = [null], mergedContextConfiguration = [WebMergedContextConfiguration@63153988 testClass = PaperTest, locations = '{}', classes = '{class com.sp.fc.web.AuthorityTestApplication}', contextInitializerClasses = '[]', activeProfiles = '{}', propertySourceLocations = '{}', propertySourceProperties = '{org.springframework.boot.test.context.SpringBootTestContextBootstrapper=true, server.port=0}', contextCustomizers = set[org.springframework.boot.test.autoconfigure.actuate.metrics.MetricsExportContextCustomizerFactory$DisableMetricExportContextCustomizer@c06361, org.springframework.boot.test.autoconfigure.properties.PropertyMappingContextCustomizer@0, org.springframework.boot.test.autoconfigure.web.servlet.WebDriverContextCustomizerFactory$Customizer@70df604b, org.springframework.boot.test.context.filter.ExcludeFilterContextCustomizer@2892d1df, org.springframework.boot.test.json.DuplicateJsonObjectContextCustomizerFactory$DuplicateJsonObjectContextCustomizer@a8a9f9b, org.springframework.boot.test.mock.mockito.MockitoContextCustomizer@0, org.springframework.boot.test.web.client.TestRestTemplateContextCustomizer@446f7578, org.springframework.boot.test.context.SpringBootTestArgs@1, org.springframework.boot.test.context.SpringBootTestWebEnvironment@56986351], resourceBasePath = 'src/main/webapp', contextLoader = 'org.springframework.boot.test.context.SpringBootContextLoader', parent = [null]], attributes = map['org.springframework.test.context.web.ServletTestExecutionListener.activateListener' -> false]], class annotated with @DirtiesContext [false] with mode [null].
17:19:39.624 [Test worker] DEBUG org.springframework.test.context.support.DependencyInjectionTestExecutionListener - Performing dependency injection for test context [[DefaultTestContext@d0d6b80 testClass = PaperTest, testInstance = com.sp.fc.web.test.PaperTest@55f4938e, testMethod = [null], testException = [null], mergedContextConfiguration = [WebMergedContextConfiguration@63153988 testClass = PaperTest, locations = '{}', classes = '{class com.sp.fc.web.AuthorityTestApplication}', contextInitializerClasses = '[]', activeProfiles = '{}', propertySourceLocations = '{}', propertySourceProperties = '{org.springframework.boot.test.context.SpringBootTestContextBootstrapper=true, server.port=0}', contextCustomizers = set[org.springframework.boot.test.autoconfigure.actuate.metrics.MetricsExportContextCustomizerFactory$DisableMetricExportContextCustomizer@c06361, org.springframework.boot.test.autoconfigure.properties.PropertyMappingContextCustomizer@0, org.springframework.boot.test.autoconfigure.web.servlet.WebDriverContextCustomizerFactory$Customizer@70df604b, org.springframework.boot.test.context.filter.ExcludeFilterContextCustomizer@2892d1df, org.springframework.boot.test.json.DuplicateJsonObjectContextCustomizerFactory$DuplicateJsonObjectContextCustomizer@a8a9f9b, org.springframework.boot.test.mock.mockito.MockitoContextCustomizer@0, org.springframework.boot.test.web.client.TestRestTemplateContextCustomizer@446f7578, org.springframework.boot.test.context.SpringBootTestArgs@1, org.springframework.boot.test.context.SpringBootTestWebEnvironment@56986351], resourceBasePath = 'src/main/webapp', contextLoader = 'org.springframework.boot.test.context.SpringBootContextLoader', parent = [null]], attributes = map['org.springframework.test.context.web.ServletTestExecutionListener.activateListener' -> false]]].
17:19:39.685 [Test worker] DEBUG org.springframework.test.context.support.TestPropertySourceUtils - Adding inlined properties to environment: {spring.jmx.enabled=false, org.springframework.boot.test.context.SpringBootTestContextBootstrapper=true, server.port=0}

  .   ____          _            __ _ _
 /\\ / ___'_ __ _ _(_)_ __  __ _ \ \ \ \
( ( )\___ | '_ | '_| | '_ \/ _` | \ \ \ \
 \\/  ___)| |_)| | | | | || (_| |  ) ) ) )
  '  |____| .__|_| |_|_| |_\__, | / / / /
 =========|_|==============|___/=/_/_/_/
 :: Spring Boot ::                (v2.4.1)

2021-08-17 17:19:40.456  INFO 14008 --- [    Test worker] com.sp.fc.web.test.PaperTest             : Starting PaperTest using Java 1.8.0_271 on DESKTOP-4QTSG7R with PID 14008 (started by kkn in C:\myProject\SpringStudy\springboot-fc-security\sp-fastcampus-spring-sec-9-6-runasmanager\server\authority-test)
2021-08-17 17:19:40.464  INFO 14008 --- [    Test worker] com.sp.fc.web.test.PaperTest             : No active profile set, falling back to default profiles: default
2021-08-17 17:19:43.195  INFO 14008 --- [    Test worker] o.s.b.w.embedded.tomcat.TomcatWebServer  : Tomcat initialized with port(s): 0 (http)
2021-08-17 17:19:43.232  INFO 14008 --- [    Test worker] o.apache.catalina.core.StandardService   : Starting service [Tomcat]
2021-08-17 17:19:43.235  INFO 14008 --- [    Test worker] org.apache.catalina.core.StandardEngine  : Starting Servlet engine: [Apache Tomcat/9.0.41]
2021-08-17 17:19:43.526  INFO 14008 --- [    Test worker] o.a.c.c.C.[Tomcat].[localhost].[/]       : Initializing Spring embedded WebApplicationContext
2021-08-17 17:19:43.526  INFO 14008 --- [    Test worker] w.s.c.ServletWebServerApplicationContext : Root WebApplicationContext: initialization completed in 3022 ms
2021-08-17 17:19:44.654  WARN 14008 --- [    Test worker] o.s.security.core.userdetails.User       : User.withDefaultPasswordEncoder() is considered unsafe for production and is only intended for sample applications.
2021-08-17 17:19:44.852  WARN 14008 --- [    Test worker] o.s.security.core.userdetails.User       : User.withDefaultPasswordEncoder() is considered unsafe for production and is only intended for sample applications.
2021-08-17 17:19:44.994  WARN 14008 --- [    Test worker] o.s.security.core.userdetails.User       : User.withDefaultPasswordEncoder() is considered unsafe for production and is only intended for sample applications.
2021-08-17 17:19:45.144  WARN 14008 --- [    Test worker] o.s.security.core.userdetails.User       : User.withDefaultPasswordEncoder() is considered unsafe for production and is only intended for sample applications.
2021-08-17 17:19:46.393  INFO 14008 --- [    Test worker] o.s.s.web.DefaultSecurityFilterChain     : Will secure any request with [org.springframework.security.web.context.request.async.WebAsyncManagerIntegrationFilter@23e1c303, org.springframework.security.web.context.SecurityContextPersistenceFilter@517cc79d, org.springframework.security.web.header.HeaderWriterFilter@7ae7796f, org.springframework.security.web.authentication.logout.LogoutFilter@7717ddc, org.springframework.security.web.authentication.www.BasicAuthenticationFilter@2c43c800, org.springframework.security.web.savedrequest.RequestCacheAwareFilter@168aed6, org.springframework.security.web.servletapi.SecurityContextHolderAwareRequestFilter@7bb0951b, org.springframework.security.web.authentication.AnonymousAuthenticationFilter@201f86b9, org.springframework.security.web.session.SessionManagementFilter@39865347, org.springframework.security.web.access.ExceptionTranslationFilter@632d9941, org.springframework.security.web.access.intercept.FilterSecurityInterceptor@2bbbb87]
2021-08-17 17:19:46.616  INFO 14008 --- [    Test worker] o.s.s.concurrent.ThreadPoolTaskExecutor  : Initializing ExecutorService 'applicationTaskExecutor'
2021-08-17 17:19:47.079  INFO 14008 --- [    Test worker] .s.s.UserDetailsServiceAutoConfiguration : 

Using generated security password: 3d89681e-524a-4d9c-8f8d-b6f3293ef673

2021-08-17 17:19:47.136  INFO 14008 --- [    Test worker] o.s.b.w.embedded.tomcat.TomcatWebServer  : Tomcat started on port(s): 7641 (http) with context path ''
2021-08-17 17:19:47.157  INFO 14008 --- [    Test worker] com.sp.fc.web.test.PaperTest             : Started PaperTest in 7.462 seconds (JVM running for 12.753)
2021-08-17 17:19:48.000  INFO 14008 --- [o-auto-1-exec-1] o.a.c.c.C.[Tomcat].[localhost].[/]       : Initializing Spring DispatcherServlet 'dispatcherServlet'
2021-08-17 17:19:48.000  INFO 14008 --- [o-auto-1-exec-1] o.s.web.servlet.DispatcherServlet        : Initializing Servlet 'dispatcherServlet'
2021-08-17 17:19:48.000  INFO 14008 --- [o-auto-1-exec-1] o.s.web.servlet.DispatcherServlet        : Completed initialization in 0 ms
[Paper(paperId=1, title=시험지1, tutorId=tutor1, studentIds=[user1], state=PREPARE), Paper(paperId=2, title=시험지2, tutorId=tutor1, studentIds=[user2], state=READY), Paper(paperId=3, title=시험지3, tutorId=tutor1, studentIds=[user1], state=READY)]
]]></system-out>
  <system-err><![CDATA[]]></system-err>
</testsuite>
