<?xml version="1.0" encoding="UTF-8"?>
<testsuite name="com.sp.fc.web.BasicAuthenticationTest" tests="1" skipped="0" failures="0" errors="0" timestamp="2021-05-26T07:57:56" hostname="DESKTOP-4QTSG7R" time="1.426">
  <properties/>
  <testcase name="4. POST 인증" classname="com.sp.fc.web.BasicAuthenticationTest" time="1.426"/>
  <system-out><![CDATA[16:57:47.462 [Test worker] DEBUG org.springframework.test.context.BootstrapUtils - Instantiating CacheAwareContextLoaderDelegate from class [org.springframework.test.context.cache.DefaultCacheAwareContextLoaderDelegate]
16:57:47.493 [Test worker] DEBUG org.springframework.test.context.BootstrapUtils - Instantiating BootstrapContext using constructor [public org.springframework.test.context.support.DefaultBootstrapContext(java.lang.Class,org.springframework.test.context.CacheAwareContextLoaderDelegate)]
16:57:47.571 [Test worker] DEBUG org.springframework.test.context.BootstrapUtils - Instantiating TestContextBootstrapper for test class [com.sp.fc.web.BasicAuthenticationTest] from class [org.springframework.boot.test.context.SpringBootTestContextBootstrapper]
16:57:47.604 [Test worker] INFO org.springframework.boot.test.context.SpringBootTestContextBootstrapper - Neither @ContextConfiguration nor @ContextHierarchy found for test class [com.sp.fc.web.BasicAuthenticationTest], using SpringBootContextLoader
16:57:47.619 [Test worker] DEBUG org.springframework.test.context.support.AbstractContextLoader - Did not detect default resource location for test class [com.sp.fc.web.BasicAuthenticationTest]: class path resource [com/sp/fc/web/BasicAuthenticationTest-context.xml] does not exist
16:57:47.619 [Test worker] DEBUG org.springframework.test.context.support.AbstractContextLoader - Did not detect default resource location for test class [com.sp.fc.web.BasicAuthenticationTest]: class path resource [com/sp/fc/web/BasicAuthenticationTestContext.groovy] does not exist
16:57:47.619 [Test worker] INFO org.springframework.test.context.support.AbstractContextLoader - Could not detect default resource locations for test class [com.sp.fc.web.BasicAuthenticationTest]: no resource found for suffixes {-context.xml, Context.groovy}.
16:57:47.619 [Test worker] INFO org.springframework.test.context.support.AnnotationConfigContextLoaderUtils - Could not detect default configuration classes for test class [com.sp.fc.web.BasicAuthenticationTest]: BasicAuthenticationTest does not declare any static, non-private, non-final, nested classes annotated with @Configuration.
16:57:47.744 [Test worker] DEBUG org.springframework.test.context.support.ActiveProfilesUtils - Could not find an 'annotation declaring class' for annotation type [org.springframework.test.context.ActiveProfiles] and class [com.sp.fc.web.BasicAuthenticationTest]
16:57:47.885 [Test worker] DEBUG org.springframework.context.annotation.ClassPathScanningCandidateComponentProvider - Identified candidate component class: file [C:\myProject\SpringStudy\springboot-fc-security\sp-fastcampus-spring-sec-5-2-BasicAuthenticationFilter-Test\server\basic-authentication-test\build\classes\java\main\com\sp\fc\web\BasicAuthentionTestApplication.class]
16:57:47.901 [Test worker] INFO org.springframework.boot.test.context.SpringBootTestContextBootstrapper - Found @SpringBootConfiguration com.sp.fc.web.BasicAuthentionTestApplication for test class com.sp.fc.web.BasicAuthenticationTest
16:57:48.150 [Test worker] DEBUG org.springframework.boot.test.context.SpringBootTestContextBootstrapper - @TestExecutionListeners is not present for class [com.sp.fc.web.BasicAuthenticationTest]: using defaults.
16:57:48.150 [Test worker] INFO org.springframework.boot.test.context.SpringBootTestContextBootstrapper - Loaded default TestExecutionListener class names from location [META-INF/spring.factories]: [org.springframework.boot.test.autoconfigure.restdocs.RestDocsTestExecutionListener, org.springframework.boot.test.autoconfigure.web.client.MockRestServiceServerResetTestExecutionListener, org.springframework.boot.test.autoconfigure.web.servlet.MockMvcPrintOnlyOnFailureTestExecutionListener, org.springframework.boot.test.autoconfigure.web.servlet.WebDriverTestExecutionListener, org.springframework.boot.test.autoconfigure.webservices.client.MockWebServiceServerTestExecutionListener, org.springframework.boot.test.mock.mockito.MockitoTestExecutionListener, org.springframework.boot.test.mock.mockito.ResetMocksTestExecutionListener, org.springframework.test.context.web.ServletTestExecutionListener, org.springframework.test.context.support.DirtiesContextBeforeModesTestExecutionListener, org.springframework.test.context.support.DependencyInjectionTestExecutionListener, org.springframework.test.context.support.DirtiesContextTestExecutionListener, org.springframework.test.context.transaction.TransactionalTestExecutionListener, org.springframework.test.context.jdbc.SqlScriptsTestExecutionListener, org.springframework.test.context.event.EventPublishingTestExecutionListener]
16:57:48.197 [Test worker] DEBUG org.springframework.boot.test.context.SpringBootTestContextBootstrapper - Skipping candidate TestExecutionListener [org.springframework.test.context.transaction.TransactionalTestExecutionListener] due to a missing dependency. Specify custom listener classes or make the default listener classes and their required dependencies available. Offending class: [org/springframework/transaction/interceptor/TransactionAttributeSource]
16:57:48.197 [Test worker] DEBUG org.springframework.boot.test.context.SpringBootTestContextBootstrapper - Skipping candidate TestExecutionListener [org.springframework.test.context.jdbc.SqlScriptsTestExecutionListener] due to a missing dependency. Specify custom listener classes or make the default listener classes and their required dependencies available. Offending class: [org/springframework/transaction/interceptor/TransactionAttribute]
16:57:48.197 [Test worker] INFO org.springframework.boot.test.context.SpringBootTestContextBootstrapper - Using TestExecutionListeners: [org.springframework.test.context.web.ServletTestExecutionListener@1bf9a012, org.springframework.test.context.support.DirtiesContextBeforeModesTestExecutionListener@5432c44c, org.springframework.boot.test.mock.mockito.MockitoTestExecutionListener@2a8d6e3b, org.springframework.boot.test.autoconfigure.SpringBootDependencyInjectionTestExecutionListener@22805585, org.springframework.test.context.support.DirtiesContextTestExecutionListener@74af98f7, org.springframework.test.context.event.EventPublishingTestExecutionListener@36fd328a, org.springframework.boot.test.autoconfigure.restdocs.RestDocsTestExecutionListener@77c06ed8, org.springframework.boot.test.autoconfigure.web.client.MockRestServiceServerResetTestExecutionListener@57cc31d8, org.springframework.boot.test.autoconfigure.web.servlet.MockMvcPrintOnlyOnFailureTestExecutionListener@5f2c73f6, org.springframework.boot.test.autoconfigure.web.servlet.WebDriverTestExecutionListener@1a63fb, org.springframework.boot.test.autoconfigure.webservices.client.MockWebServiceServerTestExecutionListener@74d86b8e, org.springframework.boot.test.mock.mockito.ResetMocksTestExecutionListener@42acc63c]
16:57:48.213 [Test worker] DEBUG org.springframework.test.context.support.AbstractDirtiesContextTestExecutionListener - Before test class: context [DefaultTestContext@2ca751dc testClass = BasicAuthenticationTest, testInstance = [null], testMethod = [null], testException = [null], mergedContextConfiguration = [WebMergedContextConfiguration@269015c0 testClass = BasicAuthenticationTest, locations = '{}', classes = '{class com.sp.fc.web.BasicAuthentionTestApplication}', contextInitializerClasses = '[]', activeProfiles = '{}', propertySourceLocations = '{}', propertySourceProperties = '{org.springframework.boot.test.context.SpringBootTestContextBootstrapper=true, server.port=0}', contextCustomizers = set[org.springframework.boot.test.autoconfigure.actuate.metrics.MetricsExportContextCustomizerFactory$DisableMetricExportContextCustomizer@2c20b0bb, org.springframework.boot.test.autoconfigure.properties.PropertyMappingContextCustomizer@0, org.springframework.boot.test.autoconfigure.web.servlet.WebDriverContextCustomizerFactory$Customizer@2fc8f2e1, org.springframework.boot.test.context.filter.ExcludeFilterContextCustomizer@330f4a99, org.springframework.boot.test.json.DuplicateJsonObjectContextCustomizerFactory$DuplicateJsonObjectContextCustomizer@394dbe79, org.springframework.boot.test.mock.mockito.MockitoContextCustomizer@0, org.springframework.boot.test.web.client.TestRestTemplateContextCustomizer@48d16c24, org.springframework.boot.test.context.SpringBootTestArgs@1, org.springframework.boot.test.context.SpringBootTestWebEnvironment@59b2b01e], resourceBasePath = 'src/main/webapp', contextLoader = 'org.springframework.boot.test.context.SpringBootContextLoader', parent = [null]], attributes = map['org.springframework.test.context.web.ServletTestExecutionListener.activateListener' -> false]], class annotated with @DirtiesContext [false] with mode [null].
16:57:48.793 [Test worker] DEBUG org.springframework.test.context.support.DependencyInjectionTestExecutionListener - Performing dependency injection for test context [[DefaultTestContext@2ca751dc testClass = BasicAuthenticationTest, testInstance = com.sp.fc.web.BasicAuthenticationTest@615adbf0, testMethod = [null], testException = [null], mergedContextConfiguration = [WebMergedContextConfiguration@269015c0 testClass = BasicAuthenticationTest, locations = '{}', classes = '{class com.sp.fc.web.BasicAuthentionTestApplication}', contextInitializerClasses = '[]', activeProfiles = '{}', propertySourceLocations = '{}', propertySourceProperties = '{org.springframework.boot.test.context.SpringBootTestContextBootstrapper=true, server.port=0}', contextCustomizers = set[org.springframework.boot.test.autoconfigure.actuate.metrics.MetricsExportContextCustomizerFactory$DisableMetricExportContextCustomizer@2c20b0bb, org.springframework.boot.test.autoconfigure.properties.PropertyMappingContextCustomizer@0, org.springframework.boot.test.autoconfigure.web.servlet.WebDriverContextCustomizerFactory$Customizer@2fc8f2e1, org.springframework.boot.test.context.filter.ExcludeFilterContextCustomizer@330f4a99, org.springframework.boot.test.json.DuplicateJsonObjectContextCustomizerFactory$DuplicateJsonObjectContextCustomizer@394dbe79, org.springframework.boot.test.mock.mockito.MockitoContextCustomizer@0, org.springframework.boot.test.web.client.TestRestTemplateContextCustomizer@48d16c24, org.springframework.boot.test.context.SpringBootTestArgs@1, org.springframework.boot.test.context.SpringBootTestWebEnvironment@59b2b01e], resourceBasePath = 'src/main/webapp', contextLoader = 'org.springframework.boot.test.context.SpringBootContextLoader', parent = [null]], attributes = map['org.springframework.test.context.web.ServletTestExecutionListener.activateListener' -> false]]].
16:57:48.887 [Test worker] DEBUG org.springframework.test.context.support.TestPropertySourceUtils - Adding inlined properties to environment: {spring.jmx.enabled=false, org.springframework.boot.test.context.SpringBootTestContextBootstrapper=true, server.port=0}

  .   ____          _            __ _ _
 /\\ / ___'_ __ _ _(_)_ __  __ _ \ \ \ \
( ( )\___ | '_ | '_| | '_ \/ _` | \ \ \ \
 \\/  ___)| |_)| | | | | || (_| |  ) ) ) )
  '  |____| .__|_| |_|_| |_\__, | / / / /
 =========|_|==============|___/=/_/_/_/
 :: Spring Boot ::                (v2.4.1)

2021-05-26 16:57:49.657  INFO 19536 --- [    Test worker] com.sp.fc.web.BasicAuthenticationTest    : Starting BasicAuthenticationTest using Java 1.8.0_271 on DESKTOP-4QTSG7R with PID 19536 (started by kkn in C:\myProject\SpringStudy\springboot-fc-security\sp-fastcampus-spring-sec-5-2-BasicAuthenticationFilter-Test\server\basic-authentication-test)
2021-05-26 16:57:49.657  INFO 19536 --- [    Test worker] com.sp.fc.web.BasicAuthenticationTest    : No active profile set, falling back to default profiles: default
2021-05-26 16:57:52.620  INFO 19536 --- [    Test worker] o.s.b.w.embedded.tomcat.TomcatWebServer  : Tomcat initialized with port(s): 0 (http)
2021-05-26 16:57:52.652  INFO 19536 --- [    Test worker] o.apache.catalina.core.StandardService   : Starting service [Tomcat]
2021-05-26 16:57:52.652  INFO 19536 --- [    Test worker] org.apache.catalina.core.StandardEngine  : Starting Servlet engine: [Apache Tomcat/9.0.41]
2021-05-26 16:57:52.951  INFO 19536 --- [    Test worker] o.a.c.c.C.[Tomcat].[localhost].[/]       : Initializing Spring embedded WebApplicationContext
2021-05-26 16:57:52.951  INFO 19536 --- [    Test worker] w.s.c.ServletWebServerApplicationContext : Root WebApplicationContext: initialization completed in 2776 ms
2021-05-26 16:57:53.725  WARN 19536 --- [    Test worker] o.s.security.core.userdetails.User       : User.withDefaultPasswordEncoder() is considered unsafe for production and is only intended for sample applications.
2021-05-26 16:57:54.502  INFO 19536 --- [    Test worker] o.s.s.web.DefaultSecurityFilterChain     : Will secure any request with [org.springframework.security.web.context.request.async.WebAsyncManagerIntegrationFilter@69ed71fb, org.springframework.security.web.context.SecurityContextPersistenceFilter@5be2dfb5, org.springframework.security.web.header.HeaderWriterFilter@6939f14c, org.springframework.security.web.authentication.logout.LogoutFilter@71d66df0, org.springframework.security.web.authentication.www.BasicAuthenticationFilter@31165726, org.springframework.security.web.savedrequest.RequestCacheAwareFilter@1522d2d0, org.springframework.security.web.servletapi.SecurityContextHolderAwareRequestFilter@632d9941, org.springframework.security.web.authentication.AnonymousAuthenticationFilter@4457d4d8, org.springframework.security.web.session.SessionManagementFilter@aed8479, org.springframework.security.web.access.ExceptionTranslationFilter@237fc5c9, org.springframework.security.web.access.intercept.FilterSecurityInterceptor@50343099]
2021-05-26 16:57:54.993  INFO 19536 --- [    Test worker] o.s.s.concurrent.ThreadPoolTaskExecutor  : Initializing ExecutorService 'applicationTaskExecutor'
2021-05-26 16:57:55.690  WARN 19536 --- [    Test worker] ion$DefaultTemplateResolverConfiguration : Cannot find template location: classpath:/templates/ (please add some templates or check your Thymeleaf configuration)
2021-05-26 16:57:56.116  INFO 19536 --- [    Test worker] o.s.b.w.embedded.tomcat.TomcatWebServer  : Tomcat started on port(s): 9586 (http) with context path ''
2021-05-26 16:57:56.131  INFO 19536 --- [    Test worker] com.sp.fc.web.BasicAuthenticationTest    : Started BasicAuthenticationTest in 7.228 seconds (JVM running for 11.543)
{name=[jongwon], age=[10]}
2021-05-26 16:57:56.979  INFO 19536 --- [o-auto-1-exec-1] o.a.c.c.C.[Tomcat].[localhost].[/]       : Initializing Spring DispatcherServlet 'dispatcherServlet'
2021-05-26 16:57:56.980  INFO 19536 --- [o-auto-1-exec-1] o.s.web.servlet.DispatcherServlet        : Initializing Servlet 'dispatcherServlet'
2021-05-26 16:57:56.982  INFO 19536 --- [o-auto-1-exec-1] o.s.web.servlet.DispatcherServlet        : Completed initialization in 2 ms
2021-05-26 16:57:57.423  WARN 19536 --- [o-auto-1-exec-1] .w.s.m.s.DefaultHandlerExceptionResolver : Resolved [org.springframework.http.converter.HttpMessageNotReadableException: Required request body is missing: public java.lang.String com.sp.fc.web.controller.HomeController.greeting(java.lang.String,int)]
<400,{"timestamp":"2021-05-26T07:57:57.454+00:00","status":400,"error":"Bad Request","message":"","path":"/greeting"},[Set-Cookie:"JSESSIONID=39F581A667ADD4F18F016348F003C178; Path=/; HttpOnly", X-Content-Type-Options:"nosniff", X-XSS-Protection:"1; mode=block", Cache-Control:"no-cache, no-store, max-age=0, must-revalidate", Pragma:"no-cache", Expires:"0", X-Frame-Options:"DENY", Content-Type:"application/json", Transfer-Encoding:"chunked", Date:"Wed, 26 May 2021 07:57:57 GMT", Connection:"close"]>
]]></system-out>
  <system-err><![CDATA[]]></system-err>
</testsuite>
