<?xml version="1.0" encoding="UTF-8"?>
<testsuite name="com.sp.fc.BasicTestApplicationTest" tests="1" skipped="0" failures="0" errors="0" timestamp="2021-05-25T04:37:47" hostname="DESKTOP-4QTSG7R" time="0.039">
  <properties/>
  <testcase name="1. 테스트" classname="com.sp.fc.BasicTestApplicationTest" time="0.039"/>
  <system-out><![CDATA[]]></system-out>
  <system-err><![CDATA[]]></system-err>
</testsuite>
