<?xml version="1.0" encoding="UTF-8"?>
<testsuite name="DollarCalculatorTest" tests="1" skipped="0" failures="0" errors="0" timestamp="2021-08-04T05:47:06" hostname="DESKTOP-4QTSG7R" time="0.882">
  <properties/>
  <testcase name="mock()" classname="DollarCalculatorTest" time="0.882"/>
  <system-out><![CDATA[]]></system-out>
  <system-err><![CDATA[]]></system-err>
</testsuite>
