<?xml version="1.0" encoding="UTF-8"?>
<testsuite name="com.sp.fc.web.test.PaperTest" tests="1" skipped="0" failures="0" errors="0" timestamp="2021-08-16T08:11:24" hostname="DESKTOP-4QTSG7R" time="1.478">
  <properties/>
  <testcase name="2. user1이 user2의 시험지는 볼 수 없다." classname="com.sp.fc.web.test.PaperTest" time="1.478"/>
  <system-out><![CDATA[17:11:13.994 [Test worker] DEBUG org.springframework.test.context.BootstrapUtils - Instantiating CacheAwareContextLoaderDelegate from class [org.springframework.test.context.cache.DefaultCacheAwareContextLoaderDelegate]
17:11:14.028 [Test worker] DEBUG org.springframework.test.context.BootstrapUtils - Instantiating BootstrapContext using constructor [public org.springframework.test.context.support.DefaultBootstrapContext(java.lang.Class,org.springframework.test.context.CacheAwareContextLoaderDelegate)]
17:11:14.114 [Test worker] DEBUG org.springframework.test.context.BootstrapUtils - Instantiating TestContextBootstrapper for test class [com.sp.fc.web.test.PaperTest] from class [org.springframework.boot.test.context.SpringBootTestContextBootstrapper]
17:11:14.149 [Test worker] INFO org.springframework.boot.test.context.SpringBootTestContextBootstrapper - Neither @ContextConfiguration nor @ContextHierarchy found for test class [com.sp.fc.web.test.PaperTest], using SpringBootContextLoader
17:11:14.162 [Test worker] DEBUG org.springframework.test.context.support.AbstractContextLoader - Did not detect default resource location for test class [com.sp.fc.web.test.PaperTest]: class path resource [com/sp/fc/web/test/PaperTest-context.xml] does not exist
17:11:14.162 [Test worker] DEBUG org.springframework.test.context.support.AbstractContextLoader - Did not detect default resource location for test class [com.sp.fc.web.test.PaperTest]: class path resource [com/sp/fc/web/test/PaperTestContext.groovy] does not exist
17:11:14.163 [Test worker] INFO org.springframework.test.context.support.AbstractContextLoader - Could not detect default resource locations for test class [com.sp.fc.web.test.PaperTest]: no resource found for suffixes {-context.xml, Context.groovy}.
17:11:14.165 [Test worker] INFO org.springframework.test.context.support.AnnotationConfigContextLoaderUtils - Could not detect default configuration classes for test class [com.sp.fc.web.test.PaperTest]: PaperTest does not declare any static, non-private, non-final, nested classes annotated with @Configuration.
17:11:14.299 [Test worker] DEBUG org.springframework.test.context.support.ActiveProfilesUtils - Could not find an 'annotation declaring class' for annotation type [org.springframework.test.context.ActiveProfiles] and class [com.sp.fc.web.test.PaperTest]
17:11:14.529 [Test worker] DEBUG org.springframework.context.annotation.ClassPathScanningCandidateComponentProvider - Identified candidate component class: file [C:\myProject\SpringStudy\springboot-fc-security\sp-fastcampus-spring-sec-9-3-voters-test\server\authority-test\build\classes\java\main\com\sp\fc\web\AuthorityTestApplication.class]
17:11:14.533 [Test worker] INFO org.springframework.boot.test.context.SpringBootTestContextBootstrapper - Found @SpringBootConfiguration com.sp.fc.web.AuthorityTestApplication for test class com.sp.fc.web.test.PaperTest
17:11:14.820 [Test worker] DEBUG org.springframework.boot.test.context.SpringBootTestContextBootstrapper - @TestExecutionListeners is not present for class [com.sp.fc.web.test.PaperTest]: using defaults.
17:11:14.821 [Test worker] INFO org.springframework.boot.test.context.SpringBootTestContextBootstrapper - Loaded default TestExecutionListener class names from location [META-INF/spring.factories]: [org.springframework.boot.test.autoconfigure.restdocs.RestDocsTestExecutionListener, org.springframework.boot.test.autoconfigure.web.client.MockRestServiceServerResetTestExecutionListener, org.springframework.boot.test.autoconfigure.web.servlet.MockMvcPrintOnlyOnFailureTestExecutionListener, org.springframework.boot.test.autoconfigure.web.servlet.WebDriverTestExecutionListener, org.springframework.boot.test.autoconfigure.webservices.client.MockWebServiceServerTestExecutionListener, org.springframework.boot.test.mock.mockito.MockitoTestExecutionListener, org.springframework.boot.test.mock.mockito.ResetMocksTestExecutionListener, org.springframework.test.context.web.ServletTestExecutionListener, org.springframework.test.context.support.DirtiesContextBeforeModesTestExecutionListener, org.springframework.test.context.support.DependencyInjectionTestExecutionListener, org.springframework.test.context.support.DirtiesContextTestExecutionListener, org.springframework.test.context.transaction.TransactionalTestExecutionListener, org.springframework.test.context.jdbc.SqlScriptsTestExecutionListener, org.springframework.test.context.event.EventPublishingTestExecutionListener]
17:11:14.863 [Test worker] DEBUG org.springframework.boot.test.context.SpringBootTestContextBootstrapper - Skipping candidate TestExecutionListener [org.springframework.test.context.transaction.TransactionalTestExecutionListener] due to a missing dependency. Specify custom listener classes or make the default listener classes and their required dependencies available. Offending class: [org/springframework/transaction/interceptor/TransactionAttributeSource]
17:11:14.866 [Test worker] DEBUG org.springframework.boot.test.context.SpringBootTestContextBootstrapper - Skipping candidate TestExecutionListener [org.springframework.test.context.jdbc.SqlScriptsTestExecutionListener] due to a missing dependency. Specify custom listener classes or make the default listener classes and their required dependencies available. Offending class: [org/springframework/transaction/interceptor/TransactionAttribute]
17:11:14.867 [Test worker] INFO org.springframework.boot.test.context.SpringBootTestContextBootstrapper - Using TestExecutionListeners: [org.springframework.test.context.web.ServletTestExecutionListener@3e7f3db1, org.springframework.test.context.support.DirtiesContextBeforeModesTestExecutionListener@5dcdb56c, org.springframework.boot.test.mock.mockito.MockitoTestExecutionListener@5843fa42, org.springframework.boot.test.autoconfigure.SpringBootDependencyInjectionTestExecutionListener@76040534, org.springframework.test.context.support.DirtiesContextTestExecutionListener@31d12cf0, org.springframework.test.context.event.EventPublishingTestExecutionListener@1079973, org.springframework.boot.test.autoconfigure.restdocs.RestDocsTestExecutionListener@46d1f2fb, org.springframework.boot.test.autoconfigure.web.client.MockRestServiceServerResetTestExecutionListener@10aa62b0, org.springframework.boot.test.autoconfigure.web.servlet.MockMvcPrintOnlyOnFailureTestExecutionListener@28a46af9, org.springframework.boot.test.autoconfigure.web.servlet.WebDriverTestExecutionListener@15d5a29f, org.springframework.boot.test.autoconfigure.webservices.client.MockWebServiceServerTestExecutionListener@5cdadcf4, org.springframework.boot.test.mock.mockito.ResetMocksTestExecutionListener@1fa69a3d]
17:11:14.879 [Test worker] DEBUG org.springframework.test.context.support.AbstractDirtiesContextTestExecutionListener - Before test class: context [DefaultTestContext@799b2a31 testClass = PaperTest, testInstance = [null], testMethod = [null], testException = [null], mergedContextConfiguration = [WebMergedContextConfiguration@72ceab20 testClass = PaperTest, locations = '{}', classes = '{class com.sp.fc.web.AuthorityTestApplication}', contextInitializerClasses = '[]', activeProfiles = '{}', propertySourceLocations = '{}', propertySourceProperties = '{org.springframework.boot.test.context.SpringBootTestContextBootstrapper=true, server.port=0}', contextCustomizers = set[org.springframework.boot.test.autoconfigure.actuate.metrics.MetricsExportContextCustomizerFactory$DisableMetricExportContextCustomizer@732850bf, org.springframework.boot.test.autoconfigure.properties.PropertyMappingContextCustomizer@0, org.springframework.boot.test.autoconfigure.web.servlet.WebDriverContextCustomizerFactory$Customizer@238c2232, org.springframework.boot.test.context.filter.ExcludeFilterContextCustomizer@6134541, org.springframework.boot.test.json.DuplicateJsonObjectContextCustomizerFactory$DuplicateJsonObjectContextCustomizer@36cd1ad3, org.springframework.boot.test.mock.mockito.MockitoContextCustomizer@0, org.springframework.boot.test.web.client.TestRestTemplateContextCustomizer@54ef0b8e, org.springframework.boot.test.context.SpringBootTestArgs@1, org.springframework.boot.test.context.SpringBootTestWebEnvironment@56986351], resourceBasePath = 'src/main/webapp', contextLoader = 'org.springframework.boot.test.context.SpringBootContextLoader', parent = [null]], attributes = map['org.springframework.test.context.web.ServletTestExecutionListener.activateListener' -> false]], class annotated with @DirtiesContext [false] with mode [null].
17:11:15.589 [Test worker] DEBUG org.springframework.test.context.support.DependencyInjectionTestExecutionListener - Performing dependency injection for test context [[DefaultTestContext@799b2a31 testClass = PaperTest, testInstance = com.sp.fc.web.test.PaperTest@1e5c64d, testMethod = [null], testException = [null], mergedContextConfiguration = [WebMergedContextConfiguration@72ceab20 testClass = PaperTest, locations = '{}', classes = '{class com.sp.fc.web.AuthorityTestApplication}', contextInitializerClasses = '[]', activeProfiles = '{}', propertySourceLocations = '{}', propertySourceProperties = '{org.springframework.boot.test.context.SpringBootTestContextBootstrapper=true, server.port=0}', contextCustomizers = set[org.springframework.boot.test.autoconfigure.actuate.metrics.MetricsExportContextCustomizerFactory$DisableMetricExportContextCustomizer@732850bf, org.springframework.boot.test.autoconfigure.properties.PropertyMappingContextCustomizer@0, org.springframework.boot.test.autoconfigure.web.servlet.WebDriverContextCustomizerFactory$Customizer@238c2232, org.springframework.boot.test.context.filter.ExcludeFilterContextCustomizer@6134541, org.springframework.boot.test.json.DuplicateJsonObjectContextCustomizerFactory$DuplicateJsonObjectContextCustomizer@36cd1ad3, org.springframework.boot.test.mock.mockito.MockitoContextCustomizer@0, org.springframework.boot.test.web.client.TestRestTemplateContextCustomizer@54ef0b8e, org.springframework.boot.test.context.SpringBootTestArgs@1, org.springframework.boot.test.context.SpringBootTestWebEnvironment@56986351], resourceBasePath = 'src/main/webapp', contextLoader = 'org.springframework.boot.test.context.SpringBootContextLoader', parent = [null]], attributes = map['org.springframework.test.context.web.ServletTestExecutionListener.activateListener' -> false]]].
17:11:15.656 [Test worker] DEBUG org.springframework.test.context.support.TestPropertySourceUtils - Adding inlined properties to environment: {spring.jmx.enabled=false, org.springframework.boot.test.context.SpringBootTestContextBootstrapper=true, server.port=0}

  .   ____          _            __ _ _
 /\\ / ___'_ __ _ _(_)_ __  __ _ \ \ \ \
( ( )\___ | '_ | '_| | '_ \/ _` | \ \ \ \
 \\/  ___)| |_)| | | | | || (_| |  ) ) ) )
  '  |____| .__|_| |_|_| |_\__, | / / / /
 =========|_|==============|___/=/_/_/_/
 :: Spring Boot ::                (v2.4.1)

2021-08-16 17:11:16.616  INFO 8788 --- [    Test worker] com.sp.fc.web.test.PaperTest             : Starting PaperTest using Java 1.8.0_271 on DESKTOP-4QTSG7R with PID 8788 (started by kkn in C:\myProject\SpringStudy\springboot-fc-security\sp-fastcampus-spring-sec-9-3-voters-test\server\authority-test)
2021-08-16 17:11:16.622  INFO 8788 --- [    Test worker] com.sp.fc.web.test.PaperTest             : No active profile set, falling back to default profiles: default
2021-08-16 17:11:19.966  INFO 8788 --- [    Test worker] o.s.b.w.embedded.tomcat.TomcatWebServer  : Tomcat initialized with port(s): 0 (http)
2021-08-16 17:11:20.006  INFO 8788 --- [    Test worker] o.apache.catalina.core.StandardService   : Starting service [Tomcat]
2021-08-16 17:11:20.007  INFO 8788 --- [    Test worker] org.apache.catalina.core.StandardEngine  : Starting Servlet engine: [Apache Tomcat/9.0.41]
2021-08-16 17:11:20.355  INFO 8788 --- [    Test worker] o.a.c.c.C.[Tomcat].[localhost].[/]       : Initializing Spring embedded WebApplicationContext
2021-08-16 17:11:20.356  INFO 8788 --- [    Test worker] w.s.c.ServletWebServerApplicationContext : Root WebApplicationContext: initialization completed in 3664 ms
2021-08-16 17:11:21.576  WARN 8788 --- [    Test worker] o.s.security.core.userdetails.User       : User.withDefaultPasswordEncoder() is considered unsafe for production and is only intended for sample applications.
2021-08-16 17:11:21.831  WARN 8788 --- [    Test worker] o.s.security.core.userdetails.User       : User.withDefaultPasswordEncoder() is considered unsafe for production and is only intended for sample applications.
2021-08-16 17:11:21.982  WARN 8788 --- [    Test worker] o.s.security.core.userdetails.User       : User.withDefaultPasswordEncoder() is considered unsafe for production and is only intended for sample applications.
2021-08-16 17:11:23.511  INFO 8788 --- [    Test worker] o.s.s.web.DefaultSecurityFilterChain     : Will secure any request with [org.springframework.security.web.context.request.async.WebAsyncManagerIntegrationFilter@42c904b8, org.springframework.security.web.context.SecurityContextPersistenceFilter@513518ef, org.springframework.security.web.header.HeaderWriterFilter@6cc9e5b8, org.springframework.security.web.authentication.logout.LogoutFilter@7bb0951b, org.springframework.security.web.authentication.www.BasicAuthenticationFilter@5ef4f349, org.springframework.security.web.savedrequest.RequestCacheAwareFilter@3d1028d5, org.springframework.security.web.servletapi.SecurityContextHolderAwareRequestFilter@758f00e3, org.springframework.security.web.authentication.AnonymousAuthenticationFilter@1859166f, org.springframework.security.web.session.SessionManagementFilter@3dca56fc, org.springframework.security.web.access.ExceptionTranslationFilter@3435202f, org.springframework.security.web.access.intercept.FilterSecurityInterceptor@41bf5eb7]
2021-08-16 17:11:23.783  INFO 8788 --- [    Test worker] o.s.s.concurrent.ThreadPoolTaskExecutor  : Initializing ExecutorService 'applicationTaskExecutor'
2021-08-16 17:11:24.277  INFO 8788 --- [    Test worker] .s.s.UserDetailsServiceAutoConfiguration : 

Using generated security password: daf9eb26-1137-4a9d-be7c-e360ef72fec4

2021-08-16 17:11:24.338  INFO 8788 --- [    Test worker] o.s.b.w.embedded.tomcat.TomcatWebServer  : Tomcat started on port(s): 8663 (http) with context path ''
2021-08-16 17:11:24.361  INFO 8788 --- [    Test worker] com.sp.fc.web.test.PaperTest             : Started PaperTest in 8.7 seconds (JVM running for 13.946)
2021-08-16 17:11:25.257  INFO 8788 --- [o-auto-1-exec-1] o.a.c.c.C.[Tomcat].[localhost].[/]       : Initializing Spring DispatcherServlet 'dispatcherServlet'
2021-08-16 17:11:25.258  INFO 8788 --- [o-auto-1-exec-1] o.s.web.servlet.DispatcherServlet        : Initializing Servlet 'dispatcherServlet'
2021-08-16 17:11:25.260  INFO 8788 --- [o-auto-1-exec-1] o.s.web.servlet.DispatcherServlet        : Completed initialization in 2 ms
targetId : 2
targetType : paper
permission : read
]]></system-out>
  <system-err><![CDATA[]]></system-err>
</testsuite>
